<?xml version="1.0" encoding="UTF-8"?>
<testng-results ignored="1" total="1" passed="0" failed="0" skipped="0">
  <reporter-output>
  </reporter-output>
  <suite started-at="2025-03-08T13:27:11 IST" name="LambdaTest Selenium Suite" finished-at="2025-03-08T13:27:11 IST" duration-ms="8">
    <groups>
    </groups>
    <test started-at="2025-03-08T13:27:11 IST" name="Selenium Test" finished-at="2025-03-08T13:27:11 IST" duration-ms="8">
    </test> <!-- Selenium Test -->
  </suite> <!-- LambdaTest Selenium Suite -->
</testng-results>
