<?xml version="1.0" encoding="UTF-8"?>
<!-- Generated by org.testng.reporters.JUnitXMLReporter -->
<testsuite ignored="0" hostname="DESKTOP-97C6PSI" failures="0" tests="3" name="Default test" time="45.968" errors="0" timestamp="2025-03-08T15:36:26 IST">
  <testcase classname="lambdatest.selenium101.TestBase" name="testScenario1" time="1.812"/>
  <testcase classname="lambdatest.selenium101.TestBase" name="testScenario2" time="1.256"/>
  <testcase classname="lambdatest.selenium101.TestBase" name="testScenario3" time="4.838"/>
</testsuite> <!-- Default test -->
