<?xml version="1.0" encoding="UTF-8"?>
<testng-results ignored="0" total="3" passed="3" failed="0" skipped="0">
  <reporter-output>
  </reporter-output>
  <suite started-at="2025-03-08T15:35:40 IST" name="Default suite" finished-at="2025-03-08T15:36:26 IST" duration-ms="45968">
    <groups>
    </groups>
    <test started-at="2025-03-08T15:35:40 IST" name="Default test" finished-at="2025-03-08T15:36:26 IST" duration-ms="45968">
      <class name="lambdatest.selenium101.TestBase">
        <test-method is-config="true" signature="setup(java.lang.String,java.lang.String,java.lang.String,java.lang.String,java.lang.reflect.Method,org.testng.ITestContext)[pri:0, instance:lambdatest.selenium101.TestBase@53045c6c]" started-at="2025-03-08T15:35:40 IST" name="setup" finished-at="2025-03-08T15:35:52 IST" duration-ms="12041" status="PASS">
          <params>
            <param index="0">
              <value>
                <![CDATA[Chrome]]>
              </value>
            </param>
            <param index="1">
              <value>
                <![CDATA[latest]]>
              </value>
            </param>
            <param index="2">
              <value>
                <![CDATA[Windows 10]]>
              </value>
            </param>
            <param index="3">
              <value>
                <![CDATA[https://www.lambdatest.com/selenium-playground]]>
              </value>
            </param>
            <param index="4">
              <value>
                <![CDATA[public void lambdatest.selenium101.TestBase.testScenario1() throws java.lang.InterruptedException]]>
              </value>
            </param>
            <param index="5">
              <value>
                <![CDATA[org.testng.TestRunner@57f9b467]]>
              </value>
            </param>
          </params>
          <reporter-output>
          </reporter-output>
        </test-method> <!-- setup -->
        <test-method signature="testScenario1()[pri:0, instance:lambdatest.selenium101.TestBase@53045c6c]" started-at="2025-03-08T15:35:52 IST" name="testScenario1" finished-at="2025-03-08T15:35:54 IST" duration-ms="1812" status="PASS">
          <reporter-output>
          </reporter-output>
        </test-method> <!-- testScenario1 -->
        <test-method is-config="true" signature="tearDown()[pri:0, instance:lambdatest.selenium101.TestBase@53045c6c]" started-at="2025-03-08T15:35:54 IST" name="tearDown" finished-at="2025-03-08T15:35:56 IST" duration-ms="1720" status="PASS">
          <reporter-output>
          </reporter-output>
        </test-method> <!-- tearDown -->
        <test-method is-config="true" signature="setup(java.lang.String,java.lang.String,java.lang.String,java.lang.String,java.lang.reflect.Method,org.testng.ITestContext)[pri:0, instance:lambdatest.selenium101.TestBase@53045c6c]" started-at="2025-03-08T15:35:56 IST" name="setup" finished-at="2025-03-08T15:36:05 IST" duration-ms="9668" status="PASS">
          <params>
            <param index="0">
              <value>
                <![CDATA[Chrome]]>
              </value>
            </param>
            <param index="1">
              <value>
                <![CDATA[latest]]>
              </value>
            </param>
            <param index="2">
              <value>
                <![CDATA[Windows 10]]>
              </value>
            </param>
            <param index="3">
              <value>
                <![CDATA[https://www.lambdatest.com/selenium-playground]]>
              </value>
            </param>
            <param index="4">
              <value>
                <![CDATA[public void lambdatest.selenium101.TestBase.testScenario2()]]>
              </value>
            </param>
            <param index="5">
              <value>
                <![CDATA[org.testng.TestRunner@57f9b467]]>
              </value>
            </param>
          </params>
          <reporter-output>
          </reporter-output>
        </test-method> <!-- setup -->
        <test-method signature="testScenario2()[pri:0, instance:lambdatest.selenium101.TestBase@53045c6c]" started-at="2025-03-08T15:36:05 IST" name="testScenario2" finished-at="2025-03-08T15:36:07 IST" duration-ms="1256" status="PASS">
          <reporter-output>
          </reporter-output>
        </test-method> <!-- testScenario2 -->
        <test-method is-config="true" signature="tearDown()[pri:0, instance:lambdatest.selenium101.TestBase@53045c6c]" started-at="2025-03-08T15:36:07 IST" name="tearDown" finished-at="2025-03-08T15:36:08 IST" duration-ms="1710" status="PASS">
          <reporter-output>
          </reporter-output>
        </test-method> <!-- tearDown -->
        <test-method is-config="true" signature="setup(java.lang.String,java.lang.String,java.lang.String,java.lang.String,java.lang.reflect.Method,org.testng.ITestContext)[pri:0, instance:lambdatest.selenium101.TestBase@53045c6c]" started-at="2025-03-08T15:36:08 IST" name="setup" finished-at="2025-03-08T15:36:19 IST" duration-ms="10967" status="PASS">
          <params>
            <param index="0">
              <value>
                <![CDATA[Chrome]]>
              </value>
            </param>
            <param index="1">
              <value>
                <![CDATA[latest]]>
              </value>
            </param>
            <param index="2">
              <value>
                <![CDATA[Windows 10]]>
              </value>
            </param>
            <param index="3">
              <value>
                <![CDATA[https://www.lambdatest.com/selenium-playground]]>
              </value>
            </param>
            <param index="4">
              <value>
                <![CDATA[public void lambdatest.selenium101.TestBase.testScenario3()]]>
              </value>
            </param>
            <param index="5">
              <value>
                <![CDATA[org.testng.TestRunner@57f9b467]]>
              </value>
            </param>
          </params>
          <reporter-output>
          </reporter-output>
        </test-method> <!-- setup -->
        <test-method signature="testScenario3()[pri:0, instance:lambdatest.selenium101.TestBase@53045c6c]" started-at="2025-03-08T15:36:19 IST" name="testScenario3" finished-at="2025-03-08T15:36:24 IST" duration-ms="4838" status="PASS">
          <reporter-output>
          </reporter-output>
        </test-method> <!-- testScenario3 -->
        <test-method is-config="true" signature="tearDown()[pri:0, instance:lambdatest.selenium101.TestBase@53045c6c]" started-at="2025-03-08T15:36:24 IST" name="tearDown" finished-at="2025-03-08T15:36:26 IST" duration-ms="1813" status="PASS">
          <reporter-output>
          </reporter-output>
        </test-method> <!-- tearDown -->
      </class> <!-- lambdatest.selenium101.TestBase -->
    </test> <!-- Default test -->
  </suite> <!-- Default suite -->
</testng-results>
